0 info it worked if it ends with ok
1 verbose cli [ '/usr/local/bin/node',
1 verbose cli   '/usr/local/bin/npm',
1 verbose cli   'install',
1 verbose cli   '--save',
1 verbose cli   'ngstorage' ]
2 info using npm@2.14.12
3 info using node@v4.2.6
4 verbose install initial load of /Users/dionthiers/git/mahjongMayhem/package.json
5 warn package.json mahjongmayhem@1.0.0 No repository field.
6 warn package.json mahjongmayhem@1.0.0 No README data
7 verbose installManyTop reading scoped package data from /Users/dionthiers/git/mahjongMayhem/node_modules/angular/package.json
8 verbose installManyTop reading scoped package data from /Users/dionthiers/git/mahjongMayhem/node_modules/angular-ui-router/package.json
9 verbose installManyTop reading scoped package data from /Users/dionthiers/git/mahjongMayhem/node_modules/grunt/package.json
10 verbose installManyTop reading scoped package data from /Users/dionthiers/git/mahjongMayhem/node_modules/grunt-browserify/package.json
11 verbose installManyTop reading scoped package data from /Users/dionthiers/git/mahjongMayhem/node_modules/grunt-contrib-copy/package.json
12 verbose installManyTop reading scoped package data from /Users/dionthiers/git/mahjongMayhem/node_modules/grunt-contrib-watch/package.json
13 verbose installManyTop reading scoped package data from /Users/dionthiers/git/mahjongMayhem/node_modules/grunt-http-server/package.json
14 verbose installManyTop reading scoped package data from /Users/dionthiers/git/mahjongMayhem/node_modules/ng-storage/package.json
15 info package.json grunt@0.4.5 No license field.
16 info package.json grunt-browserify@5.0.0 No license field.
17 verbose readDependencies loading dependencies from /Users/dionthiers/git/mahjongMayhem/package.json
18 silly cache add args [ 'ngstorage', null ]
19 verbose cache add spec ngstorage
20 silly cache add parsed spec Result {
20 silly cache add   raw: 'ngstorage',
20 silly cache add   scope: null,
20 silly cache add   name: 'ngstorage',
20 silly cache add   rawSpec: '',
20 silly cache add   spec: 'latest',
20 silly cache add   type: 'tag' }
21 silly addNamed ngstorage@latest
22 verbose addNamed "latest" is being treated as a dist-tag for ngstorage
23 info addNameTag [ 'ngstorage', 'latest' ]
24 silly mapToRegistry name ngstorage
25 silly mapToRegistry using default registry
26 silly mapToRegistry registry https://registry.npmjs.org/
27 silly mapToRegistry uri https://registry.npmjs.org/ngstorage
28 verbose addNameTag registry:https://registry.npmjs.org/ngstorage not in flight; fetching
29 verbose request uri https://registry.npmjs.org/ngstorage
30 verbose request no auth needed
31 info attempt registry request try #1 at 12:08:33 AM
32 verbose request id 338aa1332608f755
33 http request GET https://registry.npmjs.org/ngstorage
34 http 200 https://registry.npmjs.org/ngstorage
35 verbose headers { server: 'CouchDB/1.5.0 (Erlang OTP/R16B03)',
35 verbose headers   etag: '"9TPX3KGF1ASTJXT83BOEXLBXW"',
35 verbose headers   'content-type': 'application/json',
35 verbose headers   'cache-control': 'max-age=300',
35 verbose headers   'content-length': '17752',
35 verbose headers   'accept-ranges': 'bytes',
35 verbose headers   date: 'Mon, 18 Apr 2016 22:08:34 GMT',
35 verbose headers   via: '1.1 varnish',
35 verbose headers   age: '0',
35 verbose headers   connection: 'keep-alive',
35 verbose headers   'x-served-by': 'cache-ams4129-AMS',
35 verbose headers   'x-cache': 'MISS',
35 verbose headers   'x-cache-hits': '0',
35 verbose headers   'x-timer': 'S1461017313.761231,VS0,VE459',
35 verbose headers   vary: 'Accept-Encoding' }
36 silly get cb [ 200,
36 silly get   { server: 'CouchDB/1.5.0 (Erlang OTP/R16B03)',
36 silly get     etag: '"9TPX3KGF1ASTJXT83BOEXLBXW"',
36 silly get     'content-type': 'application/json',
36 silly get     'cache-control': 'max-age=300',
36 silly get     'content-length': '17752',
36 silly get     'accept-ranges': 'bytes',
36 silly get     date: 'Mon, 18 Apr 2016 22:08:34 GMT',
36 silly get     via: '1.1 varnish',
36 silly get     age: '0',
36 silly get     connection: 'keep-alive',
36 silly get     'x-served-by': 'cache-ams4129-AMS',
36 silly get     'x-cache': 'MISS',
36 silly get     'x-cache-hits': '0',
36 silly get     'x-timer': 'S1461017313.761231,VS0,VE459',
36 silly get     vary: 'Accept-Encoding' } ]
37 verbose get saving ngstorage to /Users/dionthiers/.npm/registry.npmjs.org/ngstorage/.cache.json
38 silly addNameTag next cb for ngstorage with tag latest
39 silly addNamed ngstorage@0.3.10
40 verbose addNamed "0.3.10" is a plain semver version for ngstorage
41 silly mapToRegistry name ngstorage
42 silly mapToRegistry using default registry
43 silly mapToRegistry registry https://registry.npmjs.org/
44 silly mapToRegistry uri https://registry.npmjs.org/ngstorage
45 verbose addRemoteTarball https://registry.npmjs.org/ngstorage/-/ngstorage-0.3.10.tgz not in flight; adding
46 verbose addRemoteTarball [ 'https://registry.npmjs.org/ngstorage/-/ngstorage-0.3.10.tgz',
46 verbose addRemoteTarball   'e53bbb1015c31375ef56c61ad3dec25d14dc414e' ]
47 info retry fetch attempt 1 at 12:08:34 AM
48 info attempt registry request try #1 at 12:08:34 AM
49 http fetch GET https://registry.npmjs.org/ngstorage/-/ngstorage-0.3.10.tgz
50 http fetch 200 https://registry.npmjs.org/ngstorage/-/ngstorage-0.3.10.tgz
51 silly fetchAndShaCheck shasum e53bbb1015c31375ef56c61ad3dec25d14dc414e
52 verbose addTmpTarball /var/folders/mk/n7_3bwwn4z75zn4489v_g5v40000gn/T/npm-48886-f0169c7b/registry.npmjs.org/ngstorage/-/ngstorage-0.3.10.tgz not in flight; adding
53 verbose addTmpTarball already have metadata; skipping unpack for ngstorage@0.3.10
54 silly cache afterAdd ngstorage@0.3.10
55 verbose afterAdd /Users/dionthiers/.npm/ngstorage/0.3.10/package/package.json not in flight; writing
56 verbose afterAdd /Users/dionthiers/.npm/ngstorage/0.3.10/package/package.json written
57 silly install resolved [ { name: 'ngstorage',
57 silly install resolved     version: '0.3.10',
57 silly install resolved     author: { name: 'Gias Kay Lee' },
57 silly install resolved     licenses: [ [Object] ],
57 silly install resolved     repository:
57 silly install resolved      { type: 'git',
57 silly install resolved        url: 'git+https://github.com/gsklee/ngStorage.git' },
57 silly install resolved     main: 'ngStorage.js',
57 silly install resolved     scripts: { test: 'grunt test' },
57 silly install resolved     devDependencies:
57 silly install resolved      { bower: '^1.x',
57 silly install resolved        grunt: '^0.4.1',
57 silly install resolved        'grunt-cli': '^0.1.11',
57 silly install resolved        'grunt-contrib-uglify': '^0.x',
57 silly install resolved        'grunt-karma': '^0.x',
57 silly install resolved        karma: '^0.13.2',
57 silly install resolved        'karma-chrome-launcher': '^0.2.0',
57 silly install resolved        'karma-firefox-launcher': '^0.1.3',
57 silly install resolved        'karma-mocha': '^0.2.0',
57 silly install resolved        'karma-phantomjs-launcher': '^0.2.0',
57 silly install resolved        mocha: '^2.2.4',
57 silly install resolved        phantomjs: '^1.9.17' },
57 silly install resolved     dependencies: {},
57 silly install resolved     gitHead: '8ee59a08fe925563f0a1123180885b40ec3e8528',
57 silly install resolved     description: 'ngStorage =========',
57 silly install resolved     bugs: { url: 'https://github.com/gsklee/ngStorage/issues' },
57 silly install resolved     homepage: 'https://github.com/gsklee/ngStorage#readme',
57 silly install resolved     _id: 'ngstorage@0.3.10',
57 silly install resolved     _shasum: 'e53bbb1015c31375ef56c61ad3dec25d14dc414e',
57 silly install resolved     _from: 'ngstorage@latest',
57 silly install resolved     _npmVersion: '3.3.12',
57 silly install resolved     _nodeVersion: '0.12.7',
57 silly install resolved     _npmUser: { name: 'egilkh', email: 'egilkh@gmail.com' },
57 silly install resolved     dist:
57 silly install resolved      { shasum: 'e53bbb1015c31375ef56c61ad3dec25d14dc414e',
57 silly install resolved        tarball: 'https://registry.npmjs.org/ngstorage/-/ngstorage-0.3.10.tgz' },
57 silly install resolved     maintainers: [ [Object] ],
57 silly install resolved     directories: {},
57 silly install resolved     _resolved: 'https://registry.npmjs.org/ngstorage/-/ngstorage-0.3.10.tgz' } ]
58 info install ngstorage@0.3.10 into /Users/dionthiers/git/mahjongMayhem
59 info installOne ngstorage@0.3.10
60 verbose installOne of ngstorage to /Users/dionthiers/git/mahjongMayhem not in flight; installing
61 verbose lock using /Users/dionthiers/.npm/_locks/ngstorage-583ef4196e35926b.lock for /Users/dionthiers/git/mahjongMayhem/node_modules/ngstorage
62 silly install write writing ngstorage 0.3.10 to /Users/dionthiers/git/mahjongMayhem/node_modules/ngstorage
63 verbose unbuild node_modules/ngstorage
64 silly gentlyRm /Users/dionthiers/git/mahjongMayhem/node_modules/ngstorage is being purged from base /Users/dionthiers/git/mahjongMayhem
65 verbose gentlyRm don't care about contents; nuking /Users/dionthiers/git/mahjongMayhem/node_modules/ngstorage
66 verbose tar unpack /Users/dionthiers/.npm/ngstorage/0.3.10/package.tgz
67 verbose tar unpacking to /Users/dionthiers/git/mahjongMayhem/node_modules/ngstorage
68 silly gentlyRm /Users/dionthiers/git/mahjongMayhem/node_modules/ngstorage is being purged
69 verbose gentlyRm don't care about contents; nuking /Users/dionthiers/git/mahjongMayhem/node_modules/ngstorage
70 silly gunzTarPerm modes [ '755', '644' ]
71 silly gunzTarPerm extractEntry package.json
72 silly gunzTarPerm extractEntry README.md
73 silly gunzTarPerm extractEntry LICENSE
74 silly gunzTarPerm extractEntry ngStorage.js
75 silly gunzTarPerm extractEntry ngStorage.min.js
76 silly gunzTarPerm extractEntry CHANGELOG.md
77 verbose write writing to /Users/dionthiers/git/mahjongMayhem/node_modules/ngstorage/package.json
78 info preinstall ngstorage@0.3.10
79 verbose readDependencies loading dependencies from /Users/dionthiers/git/mahjongMayhem/node_modules/ngstorage/package.json
80 verbose readDependencies loading dependencies from /Users/dionthiers/git/mahjongMayhem/node_modules/ngstorage/package.json
81 silly install resolved []
82 verbose about to build /Users/dionthiers/git/mahjongMayhem/node_modules/ngstorage
83 info build /Users/dionthiers/git/mahjongMayhem/node_modules/ngstorage
84 info linkStuff ngstorage@0.3.10
85 silly linkStuff ngstorage@0.3.10 has /Users/dionthiers/git/mahjongMayhem/node_modules as its parent node_modules
86 verbose linkBins ngstorage@0.3.10
87 verbose linkMans ngstorage@0.3.10
88 verbose rebuildBundles ngstorage@0.3.10
89 info install ngstorage@0.3.10
90 info postinstall ngstorage@0.3.10
91 verbose unlock done using /Users/dionthiers/.npm/_locks/ngstorage-583ef4196e35926b.lock for /Users/dionthiers/git/mahjongMayhem/node_modules/ngstorage
92 verbose validateInstall loading /Users/dionthiers/git/mahjongMayhem/package.json for validation
93 verbose stack Error: The package karma@0.10.10 does not satisfy its siblings' peerDependencies requirements!
93 verbose stack     at /usr/local/lib/node_modules/npm/lib/install.js:125:32
93 verbose stack     at /usr/local/lib/node_modules/npm/lib/install.js:268:7
93 verbose stack     at /usr/local/lib/node_modules/npm/node_modules/read-installed/read-installed.js:142:5
93 verbose stack     at /usr/local/lib/node_modules/npm/node_modules/read-installed/read-installed.js:263:14
93 verbose stack     at cb (/usr/local/lib/node_modules/npm/node_modules/slide/lib/async-map.js:47:24)
93 verbose stack     at /usr/local/lib/node_modules/npm/node_modules/read-installed/read-installed.js:263:14
93 verbose stack     at cb (/usr/local/lib/node_modules/npm/node_modules/slide/lib/async-map.js:47:24)
93 verbose stack     at /usr/local/lib/node_modules/npm/node_modules/read-installed/read-installed.js:263:14
93 verbose stack     at cb (/usr/local/lib/node_modules/npm/node_modules/slide/lib/async-map.js:47:24)
93 verbose stack     at /usr/local/lib/node_modules/npm/node_modules/read-installed/read-installed.js:263:14
94 verbose cwd /Users/dionthiers/git/mahjongMayhem
95 error Darwin 15.3.0
96 error argv "/usr/local/bin/node" "/usr/local/bin/npm" "install" "--save" "ngstorage"
97 error node v4.2.6
98 error npm  v2.14.12
99 error code EPEERINVALID
100 error peerinvalid The package karma@0.10.10 does not satisfy its siblings' peerDependencies requirements!
100 error peerinvalid Peer grunt-karma@0.7.3 wants karma@~0.12.0
100 error peerinvalid Peer karma-html2js-preprocessor@0.1.0 wants karma@>=0.9
100 error peerinvalid Peer karma-coffee-preprocessor@0.1.3 wants karma@>=0.9
100 error peerinvalid Peer karma-mocha@0.1.10 wants karma@>=0.12.8
100 error peerinvalid Peer karma-script-launcher@0.1.0 wants karma@>=0.9
100 error peerinvalid Peer karma-phantomjs-launcher@0.1.4 wants karma@>=0.9
100 error peerinvalid Peer karma-jasmine@0.1.6 wants karma@>=0.9
100 error peerinvalid Peer karma-requirejs@0.2.6 wants karma@>=0.9
101 verbose exit [ 1, true ]
